<?xml version="1.0" encoding="UTF-8"?>
<!-- Generated by org.testng.reporters.JUnitXMLReporter -->
<testsuite ignored="0" hostname="DESKTOP-M23TC60" failures="3" tests="5" name="DemoWebShopTest" time="50.866" errors="0" timestamp="2023-10-27T22:59:20 IST">
  <testcase classname="com.demowebshop.tricentis.com.testCases.TC_003_LoginDataDrivenTest" name="test_LoginDDT" time="2.873"/>
  <testcase classname="com.demowebshop.tricentis.com.testCases.TC_003_LoginDataDrivenTest" name="test_LoginDDT" time="11.264">
    <failure type="java.lang.AssertionError" message="null">
      <![CDATA[java.lang.AssertionError: null
at com.demowebshop.tricentis.com.testCases.TC_003_LoginDataDrivenTest.test_LoginDDT(TC_003_LoginDataDrivenTest.java:48)
at java.base/java.util.ArrayList.forEach(ArrayList.java:1511)
... Removed 29 stack frames]]>
    </failure>
  </testcase> <!-- test_LoginDDT -->
  <testcase classname="com.demowebshop.tricentis.com.testCases.TC_003_LoginDataDrivenTest" name="test_LoginDDT" time="11.512">
    <failure type="java.lang.AssertionError" message="null">
      <![CDATA[java.lang.AssertionError: null
at com.demowebshop.tricentis.com.testCases.TC_003_LoginDataDrivenTest.test_LoginDDT(TC_003_LoginDataDrivenTest.java:48)
at java.base/java.util.ArrayList.forEach(ArrayList.java:1511)
... Removed 29 stack frames]]>
    </failure>
  </testcase> <!-- test_LoginDDT -->
  <testcase classname="com.demowebshop.tricentis.com.testCases.TC_003_LoginDataDrivenTest" name="test_LoginDDT" time="11.696">
    <failure type="java.lang.AssertionError" message="null">
      <![CDATA[java.lang.AssertionError: null
at com.demowebshop.tricentis.com.testCases.TC_003_LoginDataDrivenTest.test_LoginDDT(TC_003_LoginDataDrivenTest.java:48)
at java.base/java.util.ArrayList.forEach(ArrayList.java:1511)
... Removed 29 stack frames]]>
    </failure>
  </testcase> <!-- test_LoginDDT -->
  <testcase classname="com.demowebshop.tricentis.com.testCases.TC_003_LoginDataDrivenTest" name="test_LoginDDT" time="2.911"/>
</testsuite> <!-- DemoWebShopTest -->
