<?xml version="1.0" encoding="UTF-8"?>
<!-- Generated by org.testng.reporters.JUnitXMLReporter -->
<testsuite ignored="0" hostname="DESKTOP-M23TC60" failures="0" tests="2" name="DemoWebShopTest" time="19.084" errors="0" timestamp="2023-10-28T00:55:21 IST">
  <testcase classname="com.demowebshop.tricentis.com.testCases.TC_001_AccountRegistrationTest" name="test_account_registration" time="3.597"/>
  <testcase classname="com.demowebshop.tricentis.com.testCases.TC_002_LoginTest" name="test_Login" time="1.503"/>
</testsuite> <!-- DemoWebShopTest -->
